                                ;*** AILZ80ASM *** Z-80 Assembler, version 1.0.28.0, LST:Full:4
                                ;2025/7/11  条件付きアセンブルを導入
                                ;           SDコマンド時、SDコマンドでF9A9hを超えて機械語プログラムをLOADした時の挙動にバグがあったので修正。
                                ;           FDDAhを超えるLOADの場合は強制的に実行番地へジャンプすることに修正。
                                
                                
       0001                     SDF8        EQU     1           ;1=ORG F800H,0=ORG E800H
       0703                     KRNGC       EQU     0703H       ;キー入力バッファクリア,クリアしてからGETRGを実行することでキースキャンを実現できる
       070F                     GETRG       EQU     070FH       ;キー入力バッファからデータを取り出す A <- DATA Z=0:データあり,1:なし
       074F                     PRCRT       EQU     074FH       ;1文字表示 A<-DATA,コントロールコード動作
       0753                     CTPRN       EQU     0753H       ;1文字表示 A<-DATA,コントロール文字を表示
       07A4                     XCSR        EQU     07A4H       ;カーソル移動 9FD7H<-X座標,9FD8H<-Y座標
       0A73                     XMTON       EQU     0A73H       ;CMTのリモートスイッチON
       0A78                     XMTOFF      EQU     0A78H       ;CMTのリモートスイッチをOFF
       0A91                     XMTMD       EQU     0A91H       ;CMTのボーレートを指定 A<-00:1200,01:300
       0A9A                     XMTSY       EQU     0A9AH       ;CMTにREAD動作の開始を指示する
       0AA2                     XMTRD       EQU     0AA2H       ;CMTから1Byte読み取る B<-DATA,C<-状態
       0AB5                     XMTWR       EQU     0AB5H       ;CMTに1Byte出力 A<-DATA
       0AE0                     XMTFF       EQU     0AE0H       ;CMT関連 12bitのALL1を出力?
       103B                     STR2HEX     EQU     103BH       ;(DE)からの4文字を16進数4桁にしてHLへ,ERRORでBASICに復帰
       1079                     PR2HEX      EQU     1079H       ;Aレジスタの内容を16進数2桁で表示
       10CB                     KINPUT      EQU     10CBH       ;1文字入力(WAIT)
       280C                     NEWCMD      EQU     280CH       ;NEW処理
       3722                     PRINT       EQU     3722H       ;1文字出力
       374E                     CRLF        EQU     374EH       ;CRLF出力
       1D28                     STRPRN      EQU     1D28H       ;文字列表示 DE <- 先頭アドレス 終端は00H
       9DC7                     PROGPNT     EQU     9DC7H       ;9DC7H〜9DE5HまでPROGポインタ
                                ;                                 (PROGPNT+0:PROG番号,PROGPNT+1:BASICテキスト開始アドレス)x10個分
                                ;                                 使っていないPROGポインタの先頭にはFFhを書き込み
       9DE6                     BASICST     EQU     9DE6H       ;BASICテキスト開始番地
       9DEA                     BASICEND    EQU     9DEAH       ;BASICテキスト最終番地+1
       9E06                     NOWPROG     EQU     9E06H       ;現在PROG番号
       9E68                     TEXTEND     EQU     9E68H       ;BASICテキストエリア最終番地+1
                                
                                ;0605H〜067BH RS-232C関連
                                ;0605H
                                ;0629H
                                ;0636H
                                ;064EH
                                
       FFA0                     CPUSEL      EQU     0FFA0H
       FF00                     IOSEL       EQU     0FF00H
                                
       E000                     PPI_A       EQU     0E000H
       E001                     PPI_B       EQU     PPI_A+1
       E002                     PPI_C       EQU     PPI_A+2
       E003                     PPI_R       EQU     PPI_A+3
                                
                                ;0E000H PORTA 送信データ(下位4ビット)
                                ;0E001H PORTB 受信データ(8ビット)
                                ;
                                ;0E002H PORTC Bit
                                ;7 IN  CHK
                                ;6 IN
                                ;5 IN
                                ;4 IN 
                                ;3 OUT
                                ;2 OUT FLG
                                ;1 OUT
                                ;0 OUT
                                ;
                                ;0E003H コントロールレジスタ
                                
                                
                                #if SDF8 == 1
000000 F800                             ORG     0F800H
                                #else
                                        ORG     0E800H
                                #endif
                                
000000 F800 C3DAFD          10  START:  JP      ST4
000003 F803 C33BFA          10  ST2:    JP      BCALL
000006 F806 C34AF9          10  ST3:    JP      INIT1
                                
                                ;*********** SMコマンド(機械語プログラムのSAVE) ******************************
       F809                     MSAVE:
000009 F809 23               6          INC     HL
00000A F80A CDCBFE          17          CALL    STFN            ;SPACE読み飛ばし
00000D F80D EB               4          EX      DE,HL
00000E F80E CD3B10          17          CALL    STR2HEX         ;セーブ開始アドレス変換
000011 F811 22CBFD          16          LD      (WRKST),HL
000014 F814 13               6          INC     DE
000015 F815 CD3B10          17          CALL    STR2HEX         ;セーブ終了アドレス変換
000018 F818 22CDFD          16          LD      (WRKNX),HL
00001B F81B 13               6          INC     DE
00001C F81C CD3B10          17          CALL    STR2HEX         ;実行開始アドレス変換
00001F F81F 228CFF          16          LD      (WRKEX),HL
000022 F822 13               6          INC     DE
000023 F823 D5              11          PUSH    DE
                                        
000024 F824 2ACBFD          16          LD      HL,(WRKST)      ;セーブ終了がセーブ開始より大きくなければエラー
000027 F827 ED5BCDFD        20          LD      DE,(WRKNX)
00002B F82B AF               4          XOR     A
00002C F82C ED52            15          SBC     HL,DE
00002E F82E E1              10          POP     HL
00002F F82F 3EE2             7          LD      A,0E2H          ;ERRMSG
000031 F831 D226FB          10          JP      NC,ERR
                                
000034 F834 3E13             7          LD      A,13H           ;LOADコマンド13H
000036 F836 CDD3FD          17          CALL    STCD            ;コマンドコード送信
000039 F839 A7               4          AND     A               ;00以外ならERROR
00003A F83A C226FB          10          JP      NZ,ERR
                                
00003D F83D E5              11          PUSH    HL
00003E F83E CD88FB          17          CALL    STFS            ;ファイルネーム送信
000041 F841 E1              10          POP     HL
000042 F842 A7               4          AND     A               ;00以外ならERROR
000043 F843 C226FB          10          JP      NZ,ERR
000046 F846 1193FC          10          LD      DE,MSG_MS       ;Savingメッセージ
000049 F849 CD281D          17          CALL    STRPRN
00004C F84C EB               4          EX      DE,HL
00004D F84D CD281D          17          CALL    STRPRN          ;ファイルネーム表示
000050 F850 CD4E37          17          CALL    CRLF
000053 F853 3ACDFD          13          LD      A,(WRKNX)       ;セーブ終了アドレス送信:ファイル長はArduino側で計算
000056 F856 CDB3FF          17          CALL    SNDBYTE
000059 F859 3ACEFD          13          LD      A,(WRKNX+1)
00005C F85C CDB3FF          17          CALL    SNDBYTE
00005F F85F 3ACBFD          13          LD      A,(WRKST)       ;セーブ開始アドレス送信
000062 F862 CDB3FF          17          CALL    SNDBYTE
000065 F865 3ACCFD          13          LD      A,(WRKST+1)
000068 F868 CDB3FF          17          CALL    SNDBYTE
00006B F86B 3A8CFF          13          LD      A,(WRKEX)       ;実行開始アドレス送信
00006E F86E CDB3FF          17          CALL    SNDBYTE
000071 F871 3A8DFF          13          LD      A,(WRKEX+1)
000074 F874 CDB3FF          17          CALL    SNDBYTE
                                        
000077 F877 2ACBFD          16          LD      HL,(WRKST)      ;セーブ開始アドレス
00007A F87A ED5BCDFD        20          LD      DE,(WRKNX)      ;セーブ終了アドレス
00007E F87E 7E               7  MS1:    LD      A,(HL)
00007F F87F CDB3FF          17          CALL    SNDBYTE
000082 F882 7D               4          LD      A,L
000083 F883 CD8EFF          17          CALL    PRTDOT
000086 F886 AF               4          XOR     A
000087 F887 E5              11          PUSH    HL
000088 F888 ED52            15          SBC     HL,DE
00008A F88A E1              10          POP     HL
00008B F88B 2803            12          JR      Z,MS2
00008D F88D 23               6          INC     HL
00008E F88E 18EE            12          JR      MS1             ;セーブ終了アドレスまでループ
                                        
000090 F890 CD4E37          17  MS2:    CALL    CRLF
000093 F893 C3E3FD          10          JP      CMD0
                                
                                ;************* SBコマンド(BASICプログラムのSAVE) **************************
       F896                     BSAVE:
000096 F896 23               6          INC     HL
000097 F897 3E14             7          LD      A,14H           ;LOADコマンド14H
000099 F899 CDD3FD          17          CALL    STCD            ;コマンドコード送信
00009C F89C A7               4          AND     A               ;00以外ならERROR
00009D F89D C226FB          10          JP      NZ,ERR
                                
0000A0 F8A0 CDCBFE          17          CALL    STFN            ;SPACE読み飛ばし
0000A3 F8A3 E5              11          PUSH    HL
0000A4 F8A4 CD88FB          17          CALL    STFS            ;ファイルネーム送信
0000A7 F8A7 E1              10          POP     HL
0000A8 F8A8 A7               4          AND     A               ;00以外ならERROR
0000A9 F8A9 C226FB          10          JP      NZ,ERR
0000AC F8AC 11B9FC          10          LD      DE,MSG_BS       ;Loadingメッセージ
0000AF F8AF CD281D          17          CALL    STRPRN
0000B2 F8B2 EB               4          EX      DE,HL
0000B3 F8B3 CD281D          17          CALL    STRPRN          ;ファイルネーム表示
0000B6 F8B6 CD4E37          17          CALL    CRLF
                                
0000B9 F8B9 3A069E          13          LD      A,(NOWPROG)     ;B <- 現在PROG番号
0000BC F8BC 47               4          LD      B,A
                                        
0000BD F8BD 21C79D          10          LD      HL,PROGPNT      ;現在PROG番号と一致するPROGポインタを検索
0000C0 F8C0 7E               7  BS0:    LD      A,(HL)
0000C1 F8C1 B8               4          CP      B
0000C2 F8C2 2809            12          JR      Z,BS1
0000C4 F8C4 FEFF             7          CP      0FFH            ;現在PROG番号と一致せずにFFHが出現する場合はBASICプログラム無し
0000C6 F8C6 2857            12          JR      Z,BSERR
0000C8 F8C8 23               6          INC     HL
0000C9 F8C9 23               6          INC     HL
0000CA F8CA 23               6          INC     HL
0000CB F8CB 18F3            12          JR      BS0
       F8CD                     BS1:
0000CD F8CD 23               6          INC     HL
0000CE F8CE 7E               7          LD      A,(HL)          ;一致したPROGポインタから開始アドレスを取得
0000CF F8CF 32CBFD          13          LD      (WRKST),A
0000D2 F8D2 23               6          INC     HL
0000D3 F8D3 7E               7          LD      A,(HL)
0000D4 F8D4 32CCFD          13          LD      (WRKST+1),A
0000D7 F8D7 23               6          INC     HL
0000D8 F8D8 7E               7          LD      A,(HL)
0000D9 F8D9 FEFF             7          CP      0FFH            ;次のPROGが無し、BASICENDから終了アドレスを取得
0000DB F8DB 280C            12          JR      Z,BS2
0000DD F8DD 23               6          INC     HL
0000DE F8DE 7E               7          LD      A,(HL)          ;次のPROG有り、次のPROG開始アドレスを終了アドレスとして取得
0000DF F8DF 32CDFD          13          LD      (WRKNX),A
0000E2 F8E2 23               6          INC     HL
0000E3 F8E3 7E               7          LD      A,(HL)
0000E4 F8E4 32CEFD          13          LD      (WRKNX+1),A
0000E7 F8E7 180C            12          JR      BS3
0000E9 F8E9 3AEA9D          13  BS2:    LD      A,(BASICEND)    ;BASICENDを終了アドレスとして取得
0000EC F8EC 32CDFD          13          LD      (WRKNX),A
0000EF F8EF 3AEB9D          13          LD      A,(BASICEND+1)
0000F2 F8F2 32CEFD          13          LD      (WRKNX+1),A
0000F5 F8F5 2ACDFD          16  BS3:    LD      HL,(WRKNX)
0000F8 F8F8 ED5BCBFD        20          LD      DE,(WRKST)      ;ファイル長を計算してDEへ
0000FC F8FC AF               4          XOR     A
0000FD F8FD ED52            15          SBC     HL,DE
                                
0000FF F8FF 7D               4          LD      A,L             ;ファイル長送信:L
000100 F900 CDB3FF          17          CALL    SNDBYTE
000103 F903 7C               4          LD      A,H             ;ファイル長送信:H
000104 F904 CDB3FF          17          CALL    SNDBYTE
                                        
000107 F907 EB               4          EX      DE,HL
000108 F908 2ACBFD          16          LD      HL,(WRKST)      ;開始アドレス:HL、ファイル長:DE
                                        
       F90B                     BS4:    
00010B F90B 7E               7          LD      A,(HL)          ;実データ送信
00010C F90C CDB3FF          17          CALL    SNDBYTE
00010F F90F 23               6          INC     HL
000110 F910 1B               6          DEC     DE
000111 F911 7B               4          LD      A,E
000112 F912 CD8EFF          17          CALL    PRTDOT
000115 F915 7B               4          LD      A,E
000116 F916 B2               4          OR      D
000117 F917 20F2            12          JR      NZ,BS4
                                
000119 F919 CD4E37          17          CALL    CRLF
00011C F91C C3E3FD          10          JP      CMD0
                                
       F91F                     BSERR:
00011F F91F 3EE1             7          LD      A,0E1H          ;BASIC PROGRAM無しエラーを表示
000121 F921 C326FB          10          JP      ERR
                                
                                ;*********** SLコマンド(SLOT切り替え) ****************
       F924                     SLOT:
000124 F924 111DFD          10          LD      DE,MSG_SLT      ;SLOT 0 or 1
000127 F927 CD281D          17          CALL    STRPRN
00012A F92A 2151F9          10          LD      HL,SDON+1
00012D F92D CDCB10          17  SLT1:   CALL    KINPUT          ;1文字入力
000130 F930 FE30             7          CP      '0'
000132 F932 2008            12          JR      NZ,SLT2
000134 F934 3600            10          LD      (HL),00H        ;(SDON+1) <- 00H
000136 F936 CD50F9          17          CALL    INIT
000139 F939 C3E3FD          10          JP      CMD0
00013C F93C FE31             7  SLT2:   CP      '1'
00013E F93E 2008            12          JR      NZ,SLT3
000140 F940 3601            10          LD      (HL),01H        ;(SDON+1) <- 01H
000142 F942 CD50F9          17          CALL    INIT            ;初期化再実行
000145 F945 C3E3FD          10          JP      CMD0
000148 F948 18E3            12  SLT3:   JR      SLT1            ;0,1以外なら再入力
                                
                                ;*************** FP-1100_SD初期化 *************************
       F94A                     INIT1:
00014A F94A 116FF9          10          LD      DE,MSG_INIT
00014D F94D CD281D          17          CALL    STRPRN
                                        
                                ;**** SLOT SELECT ****
       F950                     INIT:
000150 F950 3E00             7  SDON:   LD      A,00H           ;SLOT0を選択
000152 F952 01A0FF          10          LD      BC,0FFA0H
000155 F955 E601             7          AND     01H
000157 F957 F602             7          OR      02H
000159 F959 ED79            12          OUT     (C),A
                                
                                ;**** 8255初期化 ****
                                ;PORTC下位BITをOUTPUT、上位BITをINPUT、PORTBをINPUT、PORTAをOUTPUT
00015B F95B 3E8A             7          LD      A,8AH
00015D F95D 0103E0          10          LD      BC,PPI_R
000160 F960 ED79            12          OUT     (C),A
                                ;出力BITをリセット
000162 F962 3E00             7  INIT2:  LD      A,00H           ;PORTA <- 0
000164 F964 0100E0          10          LD      BC,PPI_A
000167 F967 ED79            12          OUT     (C),A
000169 F969 0102E0          10          LD      BC,PPI_C
00016C F96C ED79            12          OUT     (C),A           ;PORTC <- 0
00016E F96E C9              10          RET
                                
       F96F                     MSG_INIT:
00016F F96F 46502D313130305F            DB      'FP-1100_SD Initialize Ok!',0DH,0AH,00H
            534420496E697469    
            616C697A65204F6B    
            210D0A00            
00018B F98B 2A2A2A2A2A2A2A2A    TITLE:  DB      '******** FP-1100_SD ********',0DH,0AH,00H
            2046502D31313030    
            5F5344202A2A2A2A    
            2A2A2A2A0D0A00      
                                
                                ;******************* ここから以降を上書きしなければLM,LB,SD等プログラムのLOADは使用可能(F9AA)
                                ;***************** LBコマンド(BASICプログラムのLOAD) **************************
                                ; 現在PROGをNEW処理した後に新たに未使用PROGポインタを使用してLOAD
       F9AA                     BLOAD:
0001AA F9AA 23               6          INC     HL
0001AB F9AB 3E18             7          LD      A,18H           ;LOADコマンド18H
0001AD F9AD CDD3FD          17          CALL    STCD            ;コマンドコード送信
0001B0 F9B0 A7               4          AND     A               ;00以外ならERROR
0001B1 F9B1 C226FB          10          JP      NZ,ERR
                                
0001B4 F9B4 CDCBFE          17          CALL    STFN            ;SPACE読み飛ばし
0001B7 F9B7 E5              11          PUSH    HL
0001B8 F9B8 CD88FB          17          CALL    STFS            ;ファイルネーム送信
0001BB F9BB E1              10          POP     HL
0001BC F9BC A7               4          AND     A               ;00以外ならERROR
0001BD F9BD C226FB          10          JP      NZ,ERR
0001C0 F9C0 11A2FC          10          LD      DE,MSG_BL       ;Loadingメッセージ
0001C3 F9C3 CD281D          17          CALL    STRPRN
0001C6 F9C6 EB               4          EX      DE,HL
0001C7 F9C7 CD281D          17          CALL    STRPRN          ;ファイルネーム表示
0001CA F9CA CD4E37          17          CALL    CRLF
                                
0001CD F9CD CD0C28          17          CALL    NEWCMD          ;NEW処理
0001D0 F9D0 CD97FF          17          CALL    RCVBYTE         ;ファイル長受信
0001D3 F9D3 5F               4          LD      E,A
0001D4 F9D4 CD97FF          17          CALL    RCVBYTE
0001D7 F9D7 57               4          LD      D,A
                                        
0001D8 F9D8 2AEA9D          16          LD      HL,(BASICEND)   ;BASICプログラムがRAMENDを超えないかチェック
0001DB F9DB 19              11          ADD     HL,DE
0001DC F9DC ED4B689E        20          LD      BC,(TEXTEND)
0001E0 F9E0 AF               4          XOR     A
0001E1 F9E1 ED42            15          SBC     HL,BC
0001E3 F9E3 304E            12          JR      NC,BLERR        ;超えるようであれば処理打ち切り
0001E5 F9E5 2AEA9D          16          LD      HL,(BASICEND)
0001E8 F9E8 AF               4          XOR     A
0001E9 F9E9 CDB3FF          17          CALL    SNDBYTE         ;処理継続指示
                                
       F9EC                     BL2:    
0001EC F9EC CD97FF          17          CALL    RCVBYTE         ;データ受信
0001EF F9EF 77               7          LD      (HL),A
0001F0 F9F0 23               6          INC     HL
0001F1 F9F1 1B               6          DEC     DE
0001F2 F9F2 7B               4          LD      A,E
0001F3 F9F3 CD8EFF          17          CALL    PRTDOT
0001F6 F9F6 7B               4          LD      A,E
0001F7 F9F7 B2               4          OR      D
0001F8 F9F8 20F2            12          JR      NZ,BL2          ;ファイル長分をループ
0001FA F9FA CD4E37          17          CALL    CRLF
0001FD F9FD AF               4          XOR     A
0001FE F9FE 77               7          LD      (HL),A          ;最後にENDマーク書き込み
                                        
0001FF F9FF E5              11          PUSH    HL
000200 FA00 11C79D          10          LD      DE,PROGPNT      ;未使用PROGポインタを検索
000203 FA03 1A               7  BL0:    LD      A,(DE)
000204 FA04 FEFF             7          CP      0FFH
000206 FA06 2805            12          JR      Z,BL1
000208 FA08 13               6          INC     DE
000209 FA09 13               6          INC     DE
00020A FA0A 13               6          INC     DE
00020B FA0B 18F6            12          JR      BL0
00020D FA0D 21069E          10  BL1:    LD      HL,NOWPROG      ;未使用PROGポインタに現在PROG番号を設定
000210 FA10 7E               7          LD      A,(HL)
000211 FA11 12               7          LD      (DE),A
000212 FA12 21EA9D          10          LD      HL,BASICEND     ;現在PROGの先頭アドレスをセット
000215 FA15 7E               7          LD      A,(HL)
000216 FA16 13               6          INC     DE
000217 FA17 12               7          LD      (DE),A
000218 FA18 23               6          INC     HL
000219 FA19 13               6          INC     DE
00021A FA1A 7E               7          LD      A,(HL)
00021B FA1B 12               7          LD      (DE),A
00021C FA1C 13               6          INC     DE
00021D FA1D 3EFF             7          LD      A,0FFH          ;次のPROGポインタに未使用フラグをセット
00021F FA1F 12               7          LD      (DE),A
000220 FA20 E1              10          POP     HL
                                        
000221 FA21 22EA9D          16          LD      (BASICEND),HL   ;BASICテキスト最終アドレス+1をセット
000224 FA24 22EC9D          16          LD      (BASICEND+2),HL
000227 FA27 22EE9D          16          LD      (BASICEND+4),HL
00022A FA2A 22F09D          16          LD      (BASICEND+6),HL
00022D FA2D 22F29D          16          LD      (BASICEND+8),HL
                                        
000230 FA30 C3E3FD          10  BL3:    JP      CMD0
                                
       FA33                     BLERR:
000233 FA33 3EE0             7          LD      A,0E0H          ;AREA OVERエラーを表示
000235 FA35 CDB3FF          17          CALL    SNDBYTE
000238 FA38 C326FB          10          JP      ERR
                                
                                ;************* BASIC中からの機械語ロード *****************
                                ;                     CALL &HF803:REM filenameと記述する
       FA3B                     BCALL:
00023B FA3B CD70FB          17          CALL    GETCP
00023E FA3E 2AD1FD          16          LD      HL,(WRKCP)      ;現在実行BASICプログラムの注目ポイントを取得
000241 FA41 23               6          INC     HL              ;REM文をスキップ
000242 FA42 23               6          INC     HL
000243 FA43 23               6          INC     HL              ;REM文の後ろに書かれているfilenameの先頭アドレスを取得
000244 FA44 3E17             7          LD      A,17H           ;LOADコマンド17H
000246 FA46 CDD3FD          17          CALL    STCD            ;コマンドコード送信
000249 FA49 A7               4          AND     A               ;00以外ならERROR
00024A FA4A C226FB          10          JP      NZ,ERR
00024D FA4D CDCBFE          17          CALL    STFN            ;SPACE読み飛ばし
000250 FA50 E5              11          PUSH    HL
000251 FA51 CD88FB          17          CALL    STFS            ;ファイルネーム送信
000254 FA54 E1              10          POP     HL
000255 FA55 A7               4          AND     A               ;00以外ならERROR
000256 FA56 C226FB          10          JP      NZ,ERR
000259 FA59 C3FDFE          10          JP      ML4
                                
                                ;************ SDコマンド(SD DIRECTORY LIST) **********************
       FA5C                     SDIR:
00025C FA5C 23               6          INC     HL
00025D FA5D 7E               7          LD      A,(HL)
00025E FA5E FE0D             7          CP      0DH             ;0DHならファイル名無し
000260 FA60 2803            12          JR      Z,SDIR1
000262 FA62 CDCBFE          17          CALL    STFN            ;SPACE読み飛ばし
       FA65                     SDIR1:
000265 FA65 EB               4          EX      DE,HL
000266 FA66 CD8EFA          17          CALL    DIRLIST             ;DIRLIST本体をコール
000269 FA69 280D            12          JR      Z,SDIR2             ;00ならHLにセットされているファイル名でBS MONITOR LTコマンドを実行
00026B FA6B F5              11          PUSH    AF
00026C FA6C CD97FF          17          CALL    RCVBYTE             ;拡張子判定読み飛ばし
00026F FA6F F1              10          POP     AF
000270 FA70 FE01             7          CP      01H                 ;01なら通常リターン
000272 FA72 C426FB          17          CALL    NZ,ERR              ;00,01以外ならERROR
000275 FA75 C3E3FD          10          JP      CMD0
                                
       FA78                     SDIR2:
000278 FA78 2B               6          DEC     HL
000279 FA79 CD97FF          17          CALL    RCVBYTE             ;選択ファイルの拡張子受信:0,BIN 1,BAS 2,FPT 3,その他
00027C FA7C FE00             7          CP      00H
00027E FA7E CA6DFF          10          JP      Z,MLOAD             ;BINならMLOADへ
000281 FA81 FE01             7          CP      01H
000283 FA83 CAAAF9          10          JP      Z,BLOAD             ;BASならBLOADへ
000286 FA86 3EE3             7          LD      A,0E3H
000288 FA88 CD7910          17          CALL    PR2HEX
00028B FA8B C326FB          10          JP      ERR                 ;以外はERROR
                                
                                ;**** DIRLIST本体  ****
                                ;****              戻り値 A=エラーコード ****
       FA8E                     DIRLIST:
00028E FA8E 3E11             7          LD      A,11H               ;DIRLISTコマンド11Hを送信
000290 FA90 CDD3FD          17          CALL    STCD                ;コマンドコード送信
000293 FA93 A7               4          AND     A                   ;00以外ならERROR
000294 FA94 C225FB          10          JP      NZ,DLRET
                                        
000297 FA97 C5              11          PUSH    BC
000298 FA98 0621             7          LD      B,21H               ;ファイルネーム検索文字列33文字分を送信
00029A FA9A 1A               7  STLT1:  LD      A,(DE)
00029B FA9B CDB3FF          17          CALL    SNDBYTE             ;ファイルネーム検索文字列を送信
00029E FA9E 13               6          INC     DE
00029F FA9F 10F9            13  STLT4:  DJNZ    STLT1
0002A1 FAA1 C1              10          POP     BC
0002A2 FAA2 CD97FF          17          CALL    RCVBYTE             ;状態取得(00H=OK)
0002A5 FAA5 A7               4          AND     A                   ;00以外ならERROR
0002A6 FAA6 207D            12          JR      NZ,DLRET
                                
0002A8 FAA8 217BFE          10  DL1:    LD      HL,BUFF
0002AB FAAB CD97FF          17  DL2:    CALL    RCVBYTE             ;'00H'を受信するまでを一行とする
0002AE FAAE A7               4          AND     A
0002AF FAAF 2810            12          JR      Z,DL3
0002B1 FAB1 FEFF             7          CP      0FFH                ;'0FFH'を受信したら終了
0002B3 FAB3 2819            12          JR      Z,DL4
0002B5 FAB5 FEFD             7          CP      0FDH                ;'0FDH'受信で選択した文字列をファイルネームとして取得して終了
0002B7 FAB7 281D            12          JR      Z,DL9
0002B9 FAB9 FEFE             7          CP      0FEH                ;'0FEH'を受信したら一時停止して一文字入力待ち
0002BB FABB 283D            12          JR      Z,DL5
0002BD FABD 77               7          LD      (HL),A
0002BE FABE 23               6          INC     HL
0002BF FABF 18EA            12          JR      DL2
0002C1 FAC1 3600            10  DL3:    LD      (HL),00H
0002C3 FAC3 117BFE          10          LD      DE,BUFF             ;'00H'を受信したら一行分を表示して改行
0002C6 FAC6 CD281D          17          CALL    STRPRN
       FAC9                     DL33:
0002C9 FAC9 CD4E37          17          CALL    CRLF                ;改行
0002CC FACC 18DA            12          JR      DL1
       FACE                     DL4:
0002CE FACE CD97FF          17          CALL    RCVBYTE             ;状態取得(00H=OK)
0002D1 FAD1 3E01             7          LD      A,01H
0002D3 FAD3 A7               4          AND     A                   ;00以外ならERROR
0002D4 FAD4 184F            12          JR      DLRET
                                
0002D6 FAD6 CD4E37          17  DL9:    CALL    CRLF                ;改行
                                        
0002D9 FAD9 217BFE          10          LD      HL,BUFF             ;選択したファイルネームを再度取得
0002DC FADC CD97FF          17  DL91:   CALL    RCVBYTE
0002DF FADF 77               7          LD      (HL),A
0002E0 FAE0 FE00             7          CP      00H
0002E2 FAE2 23               6          INC     HL
0002E3 FAE3 20F7            12          JR      NZ,DL91
                                
0002E5 FAE5 117BFE          10          LD      DE,BUFF             ;取得したファイルネームを表示
0002E8 FAE8 CD281D          17          CALL    STRPRN
0002EB FAEB CD4E37          17          CALL    CRLF
0002EE FAEE CD97FF          17          CALL    RCVBYTE             ;状態取得読み飛ばし
0002F1 FAF1 CD97FF          17          CALL    RCVBYTE             ;状態取得(00H=OK)
                                
0002F4 FAF4 217BFE          10          LD      HL,BUFF             ;取得したファイルネーム
0002F7 FAF7 A7               4          AND     A                   ;00以外ならERROR
0002F8 FAF8 182B            12          JR      DLRET
                                
       FAFA                     DL5:
0002FA FAFA 11CFFC          10          LD      DE,MSG_KEY1         ;HIT ANT KEY表示
0002FD FAFD CD281D          17          CALL    STRPRN
       FB00                     DL6:
000300 FB00 CDCB10          17          CALL    KINPUT
000303 FB03 FE1B             7          CP      1BH                 ;ESCで打ち切り
000305 FB05 2817            12          JR      Z,DL7
000307 FB07 FE30             7          CP      30H                 ;数字0〜9ならそのままArduinoへ送信してSETL処理へ
000309 FB09 3804            12          JR      C,DL61
00030B FB0B FE3A             7          CP      3AH
00030D FB0D 3811            12          JR      C,DL8
       FB0F                     DL61:
00030F FB0F FE42             7          CP      42H                 ;「B」で前ページ
000311 FB11 280D            12          JR      Z,DL8
000313 FB13 FE08             7          CP      08H
000315 FB15 2004            12          JR      NZ,DL62
000317 FB17 3E42             7          LD      A,42H
000319 FB19 1805            12          JR      DL8
00031B FB1B AF               4  DL62:   XOR     A                   ;それ以外で継続
00031C FB1C 1802            12          JR      DL8
00031E FB1E 3EFF             7  DL7:    LD      A,0FFH              ;0FFH中断コードを送信
000320 FB20 CDB3FF          17  DL8:    CALL    SNDBYTE
000323 FB23 1883            12          JR      DL1
                                        
000325 FB25 C9              10  DLRET:  RET
                                
       FB26                     ERR:
       FB26                     ERR_E0:
000326 FB26 FEE0             7          CP      0E0H
000328 FB28 2005            12          JR      NZ,ERR_E1
00032A FB2A 112CFD          10          LD      DE,MSG_E0
00032D FB2D 1838            12          JR      ERRMSG
00032F FB2F FEE1             7  ERR_E1: CP      0E1H
000331 FB31 2005            12          JR      NZ,ERR_E2
000333 FB33 114CFD          10          LD      DE,MSG_E1
000336 FB36 182F            12          JR      ERRMSG
000338 FB38 FEE2             7  ERR_E2: CP      0E2H
00033A FB3A 2005            12          JR      NZ,ERR_E3
00033C FB3C 1165FD          10          LD      DE,MSG_E2
00033F FB3F 1826            12          JR      ERRMSG
000341 FB41 FEE3             7  ERR_E3: CP      0E3H
000343 FB43 2005            12          JR      NZ,ERR_F1
000345 FB45 1178FD          10          LD      DE,MSG_E3
000348 FB48 181D            12          JR      ERRMSG
00034A FB4A FEF1             7  ERR_F1: CP      0F1H
00034C FB4C 2005            12          JR      NZ,ERR_F0
00034E FB4E 11ACFD          10          LD      DE,MSG_F1
000351 FB51 1814            12          JR      ERRMSG
000353 FB53 FEF0             7  ERR_F0: CP      0F0H
000355 FB55 2005            12          JR      NZ,ERR99
000357 FB57 1192FD          10          LD      DE,MSG_F0
00035A FB5A 180B            12          JR      ERRMSG
00035C FB5C CD7910          17  ERR99:  CALL    PR2HEX
00035F FB5F 3E3A             7          LD      A,':'
000361 FB61 CD2237          17          CALL    PRINT
000364 FB64 11C5FD          10          LD      DE,MSG_FF
000367 FB67 CD281D          17  ERRMSG: CALL    STRPRN
00036A FB6A CD4E37          17          CALL    CRLF
00036D FB6D C3E3FD          10          JP      CMD0
                                
                                ;************** 行参照ポインタを取得(BASIC中からの機械語ロード用) *************************
000370 FB70 ED73CFFD        20  GETCP:  LD      (WRKSP),SP
000374 FB74 2ACFFD          16          LD      HL,(WRKSP)
000377 FB77 23               6          INC     HL
000378 FB78 23               6          INC     HL
000379 FB79 23               6          INC     HL
00037A FB7A 23               6          INC     HL
00037B FB7B 22CFFD          16          LD      (WRKSP),HL
00037E FB7E 7E               7          LD      A,(HL)
00037F FB7F 32D1FD          13          LD      (WRKCP),A
000382 FB82 23               6          INC     HL
000383 FB83 7E               7          LD      A,(HL)
000384 FB84 32D2FD          13          LD      (WRKCP+1),A
                                        
000387 FB87 C9              10          RET
                                
                                ;**** ファイルネーム送信(IN:HL ファイルネームの先頭) ******
000388 FB88 0620             7  STFS:   LD      B,20H
00038A FB8A 7E               7  STFS1:  LD      A,(HL)          ;FNAME送信
00038B FB8B CDB3FF          17          CALL    SNDBYTE
00038E FB8E 23               6          INC     HL
00038F FB8F 10F9            13          DJNZ    STFS1
000391 FB91 3E0D             7          LD      A,0DH
000393 FB93 CDB3FF          17          CALL    SNDBYTE
000396 FB96 CD97FF          17          CALL    RCVBYTE         ;状態取得(00H=OK)
000399 FB99 C9              10          RET
                                
       FB9A                     MSG_CMD:
00039A FB9A 434F4D4D414E4420            DB      'COMMAND FAILED!',0DH,0AH
            4641494C4544210D    
            0A                  
0003AB FBAB 204C4D207374723A            DB      ' LM str: Load Binary',0DH,0AH
            204C6F6164204269    
            6E6172790D0A        
0003C1 FBC1 204C47207374723A            DB      ' LG str: Load Binary And Exe',0DH,0AH
            204C6F6164204269    
            6E61727920416E64    
            204578650D0A        
0003DF FBDF 204C42207374723A            DB      ' LB str: Load Basic',0DH,0AH
            204C6F6164204261    
            7369630D0A          
0003F4 FBF4 20534D2078787878            DB      ' SM xxxx,yyyy,zzzz,str: Save Binary',0DH,0AH
            2C797979792C7A7A    
            7A7A2C7374723A20    
            536176652042696E    
            6172790D0A          
000419 FC19 205342207374723A            DB      ' SB str: Save Basic',0DH,0AH
            2053617665204261    
            7369630D0A          
00042E FC2E 205344207374723A            DB      ' SD str: SD Dir',0DH,0AH
            205344204469720D    
            0A                  
00043F FC3F 20534C202020203A            DB      ' SL    : SLOT Change',0DH,0AH
            20534C4F54204368    
            616E67650D0A        
000455 FC55 204720782020203A            DB      ' G x   : Exe Program',0DH,0AH
            204578652050726F    
            6772616D0D0A        
00046B FC6B 2051206F7220423A            DB      ' Q or B: Return Basic',0DH,0AH,00H
            2052657475726E20    
            42617369630D0A00    
000483 FC83 42696E617279204C    MSG_ML: DB      'Binary Loading:',00H
            6F6164696E673A00    
000493 FC93 42696E6172792053    MSG_MS: DB      'Binary Saving:',00H
            6176696E673A00      
0004A2 FCA2 4261736963205072    MSG_BL: DB      'Basic Program Loading:',00H
            6F6772616D204C6F    
            6164696E673A00      
0004B9 FCB9 4261736963205072    MSG_BS: DB      'Basic Program Saving:',00H
            6F6772616D205361    
            76696E673A00        
       FCCF                     MSG_KEY1:
0004CF FCCF 53454C3A302D3920            DB      'SEL:0-9 NEXT:ANY BACK:B or BS BREAK:ESC',0DH,0AH,00H
            4E4558543A414E59    
            204241434B3A4220    
            6F72204253204252    
            45414B3A4553430D    
            0A00                
0004F9 FCF9 4C4F4144204F6E6C    MSG_EXE:DB      'LOAD Only(0),LOAD And Execute(1)?',0DH,0AH,00H
            792830292C4C4F41    
            4420416E64204578    
            6563757465283129    
            3F0D0A00            
00051D FD1D 534C4F542830292C    MSG_SLT:DB      'SLOT(0),(1)?',0DH,0AH,00H
            2831293F0D0A00      
00052C FD2C 4261736963205072    MSG_E0: DB      'Basic Program Text Erea Over!',0DH,0AH,00H
            6F6772616D205465    
            7874204572656120    
            4F766572210D0A00    
00054C FD4C 4261736963205072    MSG_E1: DB      'Basic Program Nothing!',0DH,0AH,00H
            6F6772616D204E6F    
            7468696E67210D0A    
            00                  
000565 FD65 5361766520417265    MSG_E2: DB      'Save Area Error!',0DH,0AH,00H
            61204572726F7221    
            0D0A00              
000578 FD78 4E6F74204C6F6164    MSG_E3: DB      'Not Load This EXT File!',0DH,0AH,00H
            2054686973204558    
            542046696C65210D    
            0A00                
000592 FD92 53442D4341524420    MSG_F0: DB      'SD-CARD Initialize Error!',00H
            496E697469616C69    
            7A65204572726F72    
            2100                
0005AC FDAC 4E6F742046696E64    MSG_F1: DB      'Not Find Filename Error!',00H
            2046696C656E616D    
            65204572726F7221    
            00                  
0005C5 FDC5 4572726F7200        MSG_FF: DB      'Error',00H
                                
0005CB FDCB                     WRKST:  DS      2
0005CD FDCD                     WRKNX:  DS      2
0005CF FDCF                     WRKSP:  DS      2
0005D1 FDD1                     WRKCP:  DS      2
                                
                                ;**** コマンド送信 (IN:A コマンドコード)****
0005D3 FDD3 CDB3FF          17  STCD:   CALL    SNDBYTE         ;Aレジスタのコマンドコードを送信
0005D6 FDD6 CD97FF          17          CALL    RCVBYTE         ;状態取得(00H=OK)
0005D9 FDD9 C9              10          RET
                                
                                ;******************* ここから以降を上書きしなければLOAD後にGコマンドで実行可能(FDE4)
                                ;******* コマンド入力 *******************:
0005DA FDDA CD70FB          17  ST4:    CALL    GETCP
                                ;       CALL    INIT            ;SLOT0を選択,8255初期化
0005DD FDDD 118BF9          10          LD      DE,TITLE
0005E0 FDE0 CD281D          17          CALL    STRPRN
0005E3 FDE3 CD2FFE          17  CMD0:   CALL    LINPUT
0005E6 FDE6 217BFE          10          LD      HL,BUFF
0005E9 FDE9 7E               7          LD      A,(HL)
0005EA FDEA 23               6          INC     HL
0005EB FDEB FE4C             7          CP      'L'
0005ED FDED 2012            12          JR      NZ,CMD1
0005EF FDEF 7E               7          LD      A,(HL)
0005F0 FDF0 FE4D             7          CP      'M'             ;LMコマンド
0005F2 FDF2 CA6DFF          10          JP      Z,MLOAD
0005F5 FDF5 FE42             7          CP      'B'             ;LBコマンド
0005F7 FDF7 CAAAF9          10          JP      Z,BLOAD
0005FA FDFA FE47             7          CP      'G'             ;LGコマンド
0005FC FDFC CA81FF          10          JP      Z,MEXE
0005FF FDFF 181B            12          JR      CMD9
000601 FE01 FE53             7  CMD1:   CP      'S'
000603 FE03 2017            12          JR      NZ,CMD9
000605 FE05 7E               7          LD      A,(HL)
000606 FE06 FE4D             7          CP      'M'             ;SMコマンド
000608 FE08 CA09F8          10          JP      Z,MSAVE
00060B FE0B FE42             7          CP      'B'             ;SBコマンド
00060D FE0D CA96F8          10          JP      Z,BSAVE
000610 FE10 FE44             7          CP      'D'             ;SDコマンド
000612 FE12 CA5CFA          10          JP      Z,SDIR
000615 FE15 FE4C             7          CP      'L'             ;SLコマンド
000617 FE17 CA24F9          10          JP      Z,SLOT
00061A FE1A 180B            12          JR      CMDERR
00061C FE1C FE51             7  CMD9:   CP      'Q'             ;Qコマンド
00061E FE1E C8              11          RET     Z
00061F FE1F FE42             7          CP      'B'             ;Bコマンド
000621 FE21 C8              11          RET     Z
000622 FE22 FE47             7          CP      'G'             ;Gコマンド
000624 FE24 CAD6FE          10          JP      Z,EXECUTE
000627 FE27 119AFB          10  CMDERR: LD      DE,MSG_CMD      ;コマンドエラーMSG
00062A FE2A CD281D          17          CALL    STRPRN
00062D FE2D 18B4            12          JR      CMD0
                                
                                ;******** 1行入力ルーチン ***********************
                                ;              BS,カーソル右キーによる文字訂正のみ有効
       FE2F                     LINPUT:
00062F FE2F 1179FE          10          LD      DE,PRMPT
000632 FE32 CD281D          17          CALL    STRPRN
000635 FE35 217BFE          10          LD      HL,BUFF
000638 FE38 CDCB10          17  LI2:    CALL    KINPUT          ;1文字入力
00063B FE3B F5              11          PUSH    AF
00063C FE3C CD2237          17          CALL    PRINT           ;入力文字表示
00063F FE3F F1              10          POP     AF
000640 FE40 FE0D             7          CP      0DH             ;改行なら終了
000642 FE42 2822            12          JR      Z,LEND
000644 FE44 FE1D             7          CP      1DH             ;カーソル左処理
000646 FE46 200D            12          JR      NZ,LI4
000648 FE48 2B               6  LI3:    DEC     HL
000649 FE49 3E20             7          LD      A,' '           ;カーソル位置の文字を空白に置き換え
00064B FE4B CD2237          17          CALL    PRINT
00064E FE4E 3E1D             7          LD      A,1DH           ;もう一回カーソル左
000650 FE50 CD2237          17          CALL    PRINT
000653 FE53 18E3            12          JR      LI2
000655 FE55 FE08             7  LI4:    CP      08H             ;BS処理
000657 FE57 2002            12          JR      NZ,LI5
000659 FE59 18ED            12          JR      LI3             ;カーソル左と同様に処理
00065B FE5B FE20             7  LI5:    CP      20H             ;コントロール文字ならBUFFに書き込まない
00065D FE5D 38D9            12          JR      C,LI2
00065F FE5F CD6CFE          17          CALL    LICHK
000662 FE62 77               7          LD      (HL),A
000663 FE63 23               6          INC     HL
000664 FE64 18D2            12          JR      LI2
000666 FE66 AF               4  LEND:   XOR     A               ;0DHを00Hに置き換えて終了
000667 FE67 CD6CFE          17          CALL    LICHK
00066A FE6A 77               7          LD      (HL),A
00066B FE6B C9              10          RET
00066C FE6C EB               4  LICHK:  EX      DE,HL           ;カーソル左、BS処理でBUFF先頭を超えては戻らないようにチェック
00066D FE6D 217BFE          10          LD      HL,BUFF
000670 FE70 ED52            15          SBC     HL,DE
000672 FE72 3803            12          JR      C,LICHK1
000674 FE74 117BFE          10          LD      DE,BUFF
000677 FE77 EB               4  LICHK1: EX      DE,HL
000678 FE78 C9              10          RET
                                
000679 FE79 3E00                PRMPT:  DB      '>',00H
00067B FE7B                     BUFF:   DS      80
                                
                                ;****** FILE NAMEが取得できるまでスペースを読み飛ばし (IN:HL コマンド文字の次の文字 OUT:HL ファイルネームの先頭)*********
0006CB FECB F5              11  STFN:   PUSH    AF
0006CC FECC 7E               7  STFN1:  LD      A,(HL)
0006CD FECD FE20             7          CP      20H
0006CF FECF 2003            12          JR      NZ,STFN3
0006D1 FED1 23               6          INC     HL              ;ファイルネームまでスペース読み飛ばし
0006D2 FED2 18F8            12          JR      STFN1
0006D4 FED4 F1              10  STFN3:  POP     AF
0006D5 FED5 C9              10          RET
                                
                                ;*********** Gコマンド(16進数4桁のアドレスへJUMP) ***********************
       FED6                     EXECUTE:
0006D6 FED6 CDCBFE          17          CALL    STFN            ;SPACE読み飛ばし
0006D9 FED9 7E               7          LD      A,(HL)          ;アドレス指定がなかったらWRKEXの示すアドレスで実行
0006DA FEDA A7               4          AND     A
0006DB FEDB 2009            12          JR      NZ,EXE1
0006DD FEDD 3A8CFF          13          LD      A,(WRKEX)
0006E0 FEE0 6F               4          LD      L,A
0006E1 FEE1 3A8DFF          13          LD      A,(WRKEX+1)
0006E4 FEE4 67               4          LD      H,A
0006E5 FEE5 E9               4          JP      (HL)
0006E6 FEE6 EB               4  EXE1:   EX      DE,HL
0006E7 FEE7 CD3B10          17          CALL    STR2HEX         ;HL <- (DE)からの文字列を16進数4桁
0006EA FEEA E9               4          JP      (HL)
                                
                                ;********* 機械語ロード本体 ********************************
       FEEB                     ML1:
0006EB FEEB 23               6          INC     HL
0006EC FEEC 3E17             7          LD      A,17H           ;LOADコマンド17H
0006EE FEEE CDD3FD          17          CALL    STCD            ;コマンドコード送信
0006F1 FEF1 A7               4          AND     A               ;00以外ならERROR
0006F2 FEF2 C0              11          RET     NZ
0006F3 FEF3 CDCBFE          17          CALL    STFN            ;SPACE読み飛ばし
0006F6 FEF6 E5              11          PUSH    HL
0006F7 FEF7 CD88FB          17          CALL    STFS            ;ファイルネーム送信
0006FA FEFA E1              10          POP     HL
0006FB FEFB A7               4          AND     A               ;00以外ならERROR
0006FC FEFC C0              11          RET     NZ
0006FD FEFD 1183FC          10  ML4:    LD      DE,MSG_ML       ;Loadingメッセージ
000700 FF00 CD281D          17          CALL    STRPRN
000703 FF03 EB               4          EX      DE,HL
000704 FF04 CD281D          17          CALL    STRPRN          ;ファイルネーム表示
000707 FF07 CD4E37          17          CALL    CRLF
                                
00070A FF0A CD97FF          17          CALL    RCVBYTE         ;ファイル長受信
00070D FF0D 5F               4          LD      E,A
00070E FF0E CD97FF          17          CALL    RCVBYTE
000711 FF11 57               4          LD      D,A
                                        
000712 FF12 3E28             7          LD      A,'('
000714 FF14 CD2237          17          CALL    PRINT
000717 FF17 CD97FF          17          CALL    RCVBYTE         ;開始アドレス受信
00071A FF1A 6F               4          LD      L,A
00071B FF1B CD97FF          17          CALL    RCVBYTE
00071E FF1E 67               4          LD      H,A
00071F FF1F 7C               4          LD      A,H
000720 FF20 CD7910          17          CALL    PR2HEX
000723 FF23 7D               4          LD      A,L
000724 FF24 CD7910          17          CALL    PR2HEX
000727 FF27 E5              11          PUSH    HL
000728 FF28 19              11          ADD     HL,DE
000729 FF29 2B               6          DEC     HL
00072A FF2A 3E2C             7          LD      A,','
00072C FF2C CD2237          17          CALL    PRINT
00072F FF2F 7C               4          LD      A,H
000730 FF30 CD7910          17          CALL    PR2HEX
000733 FF33 7D               4          LD      A,L
000734 FF34 CD7910          17          CALL    PR2HEX
000737 FF37 E1              10          POP     HL
000738 FF38 3E2C             7          LD      A,','
00073A FF3A CD2237          17          CALL    PRINT
00073D FF3D CD97FF          17          CALL    RCVBYTE         ;EXECUTEアドレス受信
000740 FF40 328CFF          13          LD      (WRKEX),A
000743 FF43 CD97FF          17          CALL    RCVBYTE
000746 FF46 328DFF          13          LD      (WRKEX+1),A
000749 FF49 CD7910          17          CALL    PR2HEX
00074C FF4C 3A8CFF          13          LD      A,(WRKEX)
00074F FF4F CD7910          17          CALL    PR2HEX
                                
000752 FF52 3E29             7          LD      A,')'
000754 FF54 CD2237          17          CALL    PRINT
000757 FF57 CD4E37          17          CALL    CRLF
                                
                                ;******************* ここから以降を上書きしなければLGコマンドでロード実行可能(FF64)
       FF5A                     ML2:    
00075A FF5A CD97FF          17          CALL    RCVBYTE         ;データ受信
00075D FF5D 77               7          LD      (HL),A
00075E FF5E 23               6          INC     HL
00075F FF5F 1B               6          DEC     DE
000760 FF60 7B               4          LD      A,E
000761 FF61 CD8EFF          17          CALL    PRTDOT
000764 FF64 7B               4          LD      A,E
000765 FF65 B2               4          OR      D
000766 FF66 20F2            12          JR      NZ,ML2          ;ファイル長分をループ
000768 FF68 CD4E37          17          CALL    CRLF
00076B FF6B AF               4          XOR     A
00076C FF6C C9              10          RET
                                
                                ;*********** LMコマンド(機械語プログラムのLOAD) ***********************
       FF6D                     MLOAD:
00076D FF6D CDEBFE          17          CALL    ML1
000770 FF70 A7               4          AND     A
000771 FF71 C226FB          10          JP      NZ,ERR
                                
                                #if SDF8 == 1
000774 FF74 11DAFD          10          LD      DE,ST4          ;SDF8限定:LOAD最終番地(HL)がST4(DE)より大きければ
                                                                ;         CMD0に戻っても無意味なので実行番地から実行
000777 FF77 AF               4          XOR     A
000778 FF78 ED52            15          SBC     HL,DE
00077A FF7A 3802            12          JR      C,ML5
00077C FF7C 180A            12          JR      ML6
                                #endif
00077E FF7E C3E3FD          10  ML5:    JP      CMD0
                                
                                ;********** LGコマンド(機械語プログラムのLOAD、実行番地へのJUMP) ****************
       FF81                     MEXE:
000781 FF81 CDEBFE          17          CALL    ML1
000784 FF84 A7               4          AND     A
000785 FF85 C226FB          10          JP      NZ,ERR
000788 FF88 2A8CFF          16  ML6:    LD      HL,(WRKEX)
00078B FF8B E9               4          JP      (HL)
                                
00078C FF8C                     WRKEX:  DS      2
                                
                                ;************* SAVE、LOAD 進行状況用DOT表示 **********************
00078E FF8E A7               4  PRTDOT: AND     A
00078F FF8F 2005            12          JR      NZ,PD1
000791 FF91 3E2E             7          LD      A,'.'
000793 FF93 CD2237          17          CALL    PRINT
000796 FF96 C9              10  PD1:    RET
                                
                                ;**** 1BYTE受信 ****
                                ;受信DATAをAレジスタにセットしてリターン
       FF97                     RCVBYTE:
000797 FF97 CDEAFF          17          CALL    F1CHK           ;PORTC BIT7が1になるまでLOOP
00079A FF9A 0101E0          10          LD      BC,PPI_B
00079D FF9D ED78            12          IN      A,(C)           ;PORTB -> A
00079F FF9F F5              11          PUSH    AF
0007A0 FFA0 3E05             7          LD      A,05H
0007A2 FFA2 0103E0          10          LD      BC,PPI_R
0007A5 FFA5 ED79            12          OUT     (C),A           ;PORTC BIT2 <- 1
0007A7 FFA7 CDE0FF          17          CALL    F2CHK           ;PORTC BIT7が0になるまでLOOP
0007AA FFAA 3E04             7          LD      A,04H
0007AC FFAC 0103E0          10          LD      BC,PPI_R
0007AF FFAF ED79            12          OUT     (C),A           ;PORTC BIT2 <- 0
0007B1 FFB1 F1              10          POP     AF
0007B2 FFB2 C9              10          RET
                                
                                ;**** 1BYTE送信 ****
                                ;Aレジスタの内容をPORTA下位4BITに4BITずつ送信
       FFB3                     SNDBYTE:
0007B3 FFB3 C5              11          PUSH    BC
0007B4 FFB4 F5              11          PUSH    AF
0007B5 FFB5 1F               4          RRA
0007B6 FFB6 1F               4          RRA
0007B7 FFB7 1F               4          RRA
0007B8 FFB8 1F               4          RRA
0007B9 FFB9 E60F             7          AND     0FH
0007BB FFBB CDC6FF          17          CALL    SND4BIT
0007BE FFBE F1              10          POP     AF
0007BF FFBF E60F             7          AND     0FH
0007C1 FFC1 CDC6FF          17          CALL    SND4BIT
0007C4 FFC4 C1              10          POP     BC
0007C5 FFC5 C9              10          RET
                                
                                ;**** 4BIT送信 ****
                                ;Aレジスタ下位4ビットを送信する
       FFC6                     SND4BIT:
0007C6 FFC6 0100E0          10          LD      BC,PPI_A
0007C9 FFC9 ED79            12          OUT     (C),A
0007CB FFCB 3E05             7          LD      A,05H
0007CD FFCD 0103E0          10          LD      BC,PPI_R
0007D0 FFD0 ED79            12          OUT     (C),A           ;PORTC BIT2 <- 1
0007D2 FFD2 CDEAFF          17          CALL    F1CHK           ;PORTC BIT7が1になるまでLOOP
0007D5 FFD5 3E04             7          LD      A,04H
0007D7 FFD7 0103E0          10          LD      BC,PPI_R
0007DA FFDA ED79            12          OUT     (C),A           ;PORTC BIT2 <- 0
0007DC FFDC CDE0FF          17          CALL    F2CHK
0007DF FFDF C9              10          RET
                                
                                ;**** BUSYをCHECK(0) ****
                                ; E002H BIT7が0になるまでLOOP
0007E0 FFE0 0102E0          10  F2CHK:  LD      BC,PPI_C
0007E3 FFE3 ED78            12          IN      A,(C)
0007E5 FFE5 E680             7          AND     80H             ;PORTC BIT7 = 0?
0007E7 FFE7 20F7            12          JR      NZ,F2CHK
0007E9 FFE9 C9              10          RET
                                
                                ;**** BUSYをCHECK(1) ****
                                ; E002H BIT7が1になるまでLOP
0007EA FFEA 0102E0          10  F1CHK:  LD      BC,PPI_C
0007ED FFED ED78            12          IN      A,(C)
0007EF FFEF E680             7          AND     80H             ;PORTC BIT7 = 1?
0007F1 FFF1 28F7            12          JR      Z,F1CHK
0007F3 FFF3 C9              10          RET
                                
                                        END
[EOF:BOOT.S:SHIFT_JIS]
